<?xml version="1.0" encoding="UTF-8"?>
<coverage generated="1692716265629" clover="3.2.0">
  <project timestamp="1692716265629" name="All files">
    <metrics statements="30" coveredstatements="30" conditionals="28" coveredconditionals="28" methods="7" coveredmethods="7" elements="65" coveredelements="65" complexity="0" loc="30" ncloc="30" packages="2" files="2" classes="2"/>
    <package name="10-unitTest">
      <metrics statements="18" coveredstatements="18" conditionals="22" coveredconditionals="22" methods="4" coveredmethods="4"/>
      <file name="main.js" path="D:\HOK FE\HauNguyen\10-unitTest\main.js">
        <metrics statements="18" coveredstatements="18" conditionals="22" coveredconditionals="22" methods="4" coveredmethods="4"/>
        <line num="2" count="1" type="stmt"/>
        <line num="6" count="12" type="cond" truecount="4" falsecount="0"/>
        <line num="7" count="10" type="cond" truecount="2" falsecount="0"/>
        <line num="8" count="8" type="cond" truecount="2" falsecount="0"/>
        <line num="9" count="6" type="cond" truecount="2" falsecount="0"/>
        <line num="10" count="3" type="stmt"/>
        <line num="14" count="9" type="cond" truecount="4" falsecount="0"/>
        <line num="15" count="3" type="stmt"/>
        <line num="16" count="3" type="stmt"/>
        <line num="17" count="6" type="stmt"/>
        <line num="18" count="6" type="cond" truecount="2" falsecount="0"/>
        <line num="19" count="2" type="stmt"/>
        <line num="20" count="2" type="stmt"/>
        <line num="23" count="3" type="stmt"/>
        <line num="27" count="16" type="cond" truecount="4" falsecount="0"/>
        <line num="28" count="6" type="stmt"/>
        <line num="29" count="16" type="cond" truecount="2" falsecount="0"/>
        <line num="31" count="2" type="stmt"/>
      </file>
    </package>
    <package name="10-unitTest.practice">
      <metrics statements="12" coveredstatements="12" conditionals="6" coveredconditionals="6" methods="3" coveredmethods="3"/>
      <file name="sum.js" path="D:\HOK FE\HauNguyen\10-unitTest\practice\sum.js">
        <metrics statements="12" coveredstatements="12" conditionals="6" coveredconditionals="6" methods="3" coveredmethods="3"/>
        <line num="2" count="7" type="cond" truecount="2" falsecount="0"/>
        <line num="3" count="5" type="stmt"/>
        <line num="4" count="5" type="stmt"/>
        <line num="5" count="20" type="stmt"/>
        <line num="7" count="5" type="stmt"/>
        <line num="11" count="8" type="cond" truecount="2" falsecount="0"/>
        <line num="12" count="6" type="stmt"/>
        <line num="16" count="5" type="cond" truecount="2" falsecount="0"/>
        <line num="17" count="3" type="stmt"/>
        <line num="18" count="3" type="stmt"/>
        <line num="19" count="6" type="stmt"/>
        <line num="21" count="3" type="stmt"/>
      </file>
    </package>
  </project>
</coverage>
