{"D:\\HOK FE\\HauNguyen\\10-unitTest\\main.js": {"path":"D:\\HOK FE\\HauNguyen\\10-unitTest\\main.js","statementMap":{"0":{"start":{"line":2,"column":2},"end":{"line":2,"column":15}},"1":{"start":{"line":6,"column":2},"end":{"line":6,"column":51}},"2":{"start":{"line":6,"column":29},"end":{"line":6,"column":51}},"3":{"start":{"line":7,"column":2},"end":{"line":7,"column":36}},"4":{"start":{"line":7,"column":16},"end":{"line":7,"column":36}},"5":{"start":{"line":8,"column":2},"end":{"line":8,"column":31}},"6":{"start":{"line":8,"column":17},"end":{"line":8,"column":31}},"7":{"start":{"line":9,"column":2},"end":{"line":9,"column":35}},"8":{"start":{"line":9,"column":17},"end":{"line":9,"column":35}},"9":{"start":{"line":10,"column":2},"end":{"line":10,"column":15}},"10":{"start":{"line":14,"column":2},"end":{"line":14,"column":74}},"11":{"start":{"line":14,"column":61},"end":{"line":14,"column":74}},"12":{"start":{"line":15,"column":16},"end":{"line":15,"column":20}},"13":{"start":{"line":16,"column":2},"end":{"line":22,"column":3}},"14":{"start":{"line":16,"column":15},"end":{"line":16,"column":16}},"15":{"start":{"line":17,"column":19},"end":{"line":17,"column":32}},"16":{"start":{"line":18,"column":4},"end":{"line":21,"column":5}},"17":{"start":{"line":19,"column":6},"end":{"line":19,"column":22}},"18":{"start":{"line":20,"column":6},"end":{"line":20,"column":12}},"19":{"start":{"line":23,"column":2},"end":{"line":23,"column":17}},"20":{"start":{"line":27,"column":2},"end":{"line":27,"column":74}},"21":{"start":{"line":27,"column":61},"end":{"line":27,"column":74}},"22":{"start":{"line":28,"column":2},"end":{"line":30,"column":3}},"23":{"start":{"line":28,"column":15},"end":{"line":28,"column":16}},"24":{"start":{"line":29,"column":4},"end":{"line":29,"column":46}},"25":{"start":{"line":29,"column":33},"end":{"line":29,"column":46}},"26":{"start":{"line":31,"column":2},"end":{"line":31,"column":14}}},"fnMap":{"0":{"name":"sum","decl":{"start":{"line":1,"column":16},"end":{"line":1,"column":19}},"loc":{"start":{"line":1,"column":26},"end":{"line":3,"column":1}},"line":1},"1":{"name":"classifyStudentV3","decl":{"start":{"line":5,"column":16},"end":{"line":5,"column":33}},"loc":{"start":{"line":5,"column":40},"end":{"line":11,"column":1}},"line":5},"2":{"name":"checkIfAllEvenV1","decl":{"start":{"line":13,"column":16},"end":{"line":13,"column":32}},"loc":{"start":{"line":13,"column":45},"end":{"line":24,"column":1}},"line":13},"3":{"name":"checkIfAllEvenV2","decl":{"start":{"line":26,"column":16},"end":{"line":26,"column":32}},"loc":{"start":{"line":26,"column":45},"end":{"line":32,"column":1}},"line":26}},"branchMap":{"0":{"loc":{"start":{"line":6,"column":2},"end":{"line":6,"column":51}},"type":"if","locations":[{"start":{"line":6,"column":2},"end":{"line":6,"column":51}},{"start":{},"end":{}}],"line":6},"1":{"loc":{"start":{"line":6,"column":6},"end":{"line":6,"column":27}},"type":"binary-expr","locations":[{"start":{"line":6,"column":6},"end":{"line":6,"column":14}},{"start":{"line":6,"column":18},"end":{"line":6,"column":27}}],"line":6},"2":{"loc":{"start":{"line":7,"column":2},"end":{"line":7,"column":36}},"type":"if","locations":[{"start":{"line":7,"column":2},"end":{"line":7,"column":36}},{"start":{},"end":{}}],"line":7},"3":{"loc":{"start":{"line":8,"column":2},"end":{"line":8,"column":31}},"type":"if","locations":[{"start":{"line":8,"column":2},"end":{"line":8,"column":31}},{"start":{},"end":{}}],"line":8},"4":{"loc":{"start":{"line":9,"column":2},"end":{"line":9,"column":35}},"type":"if","locations":[{"start":{"line":9,"column":2},"end":{"line":9,"column":35}},{"start":{},"end":{}}],"line":9},"5":{"loc":{"start":{"line":14,"column":2},"end":{"line":14,"column":74}},"type":"if","locations":[{"start":{"line":14,"column":2},"end":{"line":14,"column":74}},{"start":{},"end":{}}],"line":14},"6":{"loc":{"start":{"line":14,"column":6},"end":{"line":14,"column":59}},"type":"binary-expr","locations":[{"start":{"line":14,"column":6},"end":{"line":14,"column":32}},{"start":{"line":14,"column":36},"end":{"line":14,"column":59}}],"line":14},"7":{"loc":{"start":{"line":18,"column":4},"end":{"line":21,"column":5}},"type":"if","locations":[{"start":{"line":18,"column":4},"end":{"line":21,"column":5}},{"start":{},"end":{}}],"line":18},"8":{"loc":{"start":{"line":27,"column":2},"end":{"line":27,"column":74}},"type":"if","locations":[{"start":{"line":27,"column":2},"end":{"line":27,"column":74}},{"start":{},"end":{}}],"line":27},"9":{"loc":{"start":{"line":27,"column":6},"end":{"line":27,"column":59}},"type":"binary-expr","locations":[{"start":{"line":27,"column":6},"end":{"line":27,"column":32}},{"start":{"line":27,"column":36},"end":{"line":27,"column":59}}],"line":27},"10":{"loc":{"start":{"line":29,"column":4},"end":{"line":29,"column":46}},"type":"if","locations":[{"start":{"line":29,"column":4},"end":{"line":29,"column":46}},{"start":{},"end":{}}],"line":29}},"s":{"0":1,"1":12,"2":2,"3":10,"4":2,"5":8,"6":2,"7":6,"8":3,"9":3,"10":9,"11":6,"12":3,"13":3,"14":3,"15":6,"16":6,"17":2,"18":2,"19":3,"20":16,"21":10,"22":6,"23":6,"24":16,"25":4,"26":2},"f":{"0":1,"1":12,"2":9,"3":16},"b":{"0":[2,10],"1":[12,11],"2":[2,8],"3":[2,6],"4":[3,3],"5":[6,3],"6":[9,4],"7":[2,4],"8":[10,6],"9":[16,8],"10":[4,12]},"_coverageSchema":"1a1c01bbd47fc00a2c39e90264f33305004495a9","hash":"0721334854a42ff4d1efaf2659118e283525ccae"}
,"D:\\HOK FE\\HauNguyen\\10-unitTest\\practice\\sum.js": {"path":"D:\\HOK FE\\HauNguyen\\10-unitTest\\practice\\sum.js","statementMap":{"0":{"start":{"line":2,"column":2},"end":{"line":2,"column":23}},"1":{"start":{"line":2,"column":14},"end":{"line":2,"column":23}},"2":{"start":{"line":3,"column":12},"end":{"line":3,"column":13}},"3":{"start":{"line":4,"column":2},"end":{"line":6,"column":3}},"4":{"start":{"line":4,"column":15},"end":{"line":4,"column":16}},"5":{"start":{"line":5,"column":4},"end":{"line":5,"column":13}},"6":{"start":{"line":7,"column":2},"end":{"line":7,"column":13}},"7":{"start":{"line":11,"column":2},"end":{"line":11,"column":23}},"8":{"start":{"line":11,"column":14},"end":{"line":11,"column":23}},"9":{"start":{"line":12,"column":2},"end":{"line":12,"column":25}},"10":{"start":{"line":16,"column":2},"end":{"line":16,"column":23}},"11":{"start":{"line":16,"column":14},"end":{"line":16,"column":23}},"12":{"start":{"line":17,"column":12},"end":{"line":17,"column":13}},"13":{"start":{"line":18,"column":2},"end":{"line":20,"column":3}},"14":{"start":{"line":18,"column":15},"end":{"line":18,"column":16}},"15":{"start":{"line":19,"column":4},"end":{"line":19,"column":17}},"16":{"start":{"line":21,"column":2},"end":{"line":21,"column":13}}},"fnMap":{"0":{"name":"calc","decl":{"start":{"line":1,"column":16},"end":{"line":1,"column":20}},"loc":{"start":{"line":1,"column":24},"end":{"line":8,"column":1}},"line":1},"1":{"name":"calcV2","decl":{"start":{"line":10,"column":16},"end":{"line":10,"column":22}},"loc":{"start":{"line":10,"column":26},"end":{"line":13,"column":1}},"line":10},"2":{"name":"square","decl":{"start":{"line":15,"column":16},"end":{"line":15,"column":22}},"loc":{"start":{"line":15,"column":26},"end":{"line":22,"column":1}},"line":15}},"branchMap":{"0":{"loc":{"start":{"line":2,"column":2},"end":{"line":2,"column":23}},"type":"if","locations":[{"start":{"line":2,"column":2},"end":{"line":2,"column":23}},{"start":{},"end":{}}],"line":2},"1":{"loc":{"start":{"line":11,"column":2},"end":{"line":11,"column":23}},"type":"if","locations":[{"start":{"line":11,"column":2},"end":{"line":11,"column":23}},{"start":{},"end":{}}],"line":11},"2":{"loc":{"start":{"line":16,"column":2},"end":{"line":16,"column":23}},"type":"if","locations":[{"start":{"line":16,"column":2},"end":{"line":16,"column":23}},{"start":{},"end":{}}],"line":16}},"s":{"0":7,"1":2,"2":5,"3":5,"4":5,"5":20,"6":5,"7":8,"8":2,"9":6,"10":5,"11":2,"12":3,"13":3,"14":3,"15":6,"16":3},"f":{"0":7,"1":8,"2":5},"b":{"0":[2,5],"1":[2,6],"2":[2,3]},"_coverageSchema":"1a1c01bbd47fc00a2c39e90264f33305004495a9","hash":"07bff6a14f4716f54606f421905105205533b87f"}
}
