TN:
SF:main.js
FN:1,sum
FN:5,classifyStudentV3
FN:13,checkIfAllEvenV1
FN:26,checkIfAllEvenV2
FNF:4
FNH:4
FNDA:1,sum
FNDA:12,classifyStudentV3
FNDA:9,checkIfAllEvenV1
FNDA:16,checkIfAllEvenV2
DA:2,1
DA:6,12
DA:7,10
DA:8,8
DA:9,6
DA:10,3
DA:14,9
DA:15,3
DA:16,3
DA:17,6
DA:18,6
DA:19,2
DA:20,2
DA:23,3
DA:27,16
DA:28,6
DA:29,16
DA:31,2
LF:18
LH:18
BRDA:6,0,0,2
BRDA:6,0,1,10
BRDA:6,1,0,12
BRDA:6,1,1,11
BRDA:7,2,0,2
BRDA:7,2,1,8
BRDA:8,3,0,2
BRDA:8,3,1,6
BRDA:9,4,0,3
BRDA:9,4,1,3
BRDA:14,5,0,6
BRDA:14,5,1,3
BRDA:14,6,0,9
BRDA:14,6,1,4
BRDA:18,7,0,2
BRDA:18,7,1,4
BRDA:27,8,0,10
BRDA:27,8,1,6
BRDA:27,9,0,16
BRDA:27,9,1,8
BRDA:29,10,0,4
BRDA:29,10,1,12
BRF:22
BRH:22
end_of_record
TN:
SF:practice\sum.js
FN:1,calc
FN:10,calcV2
FN:15,square
FNF:3
FNH:3
FNDA:7,calc
FNDA:8,calcV2
FNDA:5,square
DA:2,7
DA:3,5
DA:4,5
DA:5,20
DA:7,5
DA:11,8
DA:12,6
DA:16,5
DA:17,3
DA:18,3
DA:19,6
DA:21,3
LF:12
LH:12
BRDA:2,0,0,2
BRDA:2,0,1,5
BRDA:11,1,0,2
BRDA:11,1,1,6
BRDA:16,2,0,2
BRDA:16,2,1,3
BRF:6
BRH:6
end_of_record
